<?xml version="1.0" encoding="UTF-8"?>
<!-- Generated by org.testng.reporters.JUnitReportReporter -->
<testsuite hostname="DESKTOP-FS7JD1M" name="com.cucumberFramework.testRunner.TestRunner" tests="1" failures="0" timestamp="14 Jun 2021 05:47:20 GMT" time="15.337" errors="0">
  <testcase name="feature" time="15.337" classname="com.cucumberFramework.testRunner.TestRunner"/>
</testsuite> <!-- com.cucumberFramework.testRunner.TestRunner -->
