<?xml version="1.0" encoding="UTF-8"?>
<!-- Generated by org.testng.reporters.JUnitReportReporter -->
<testsuite hostname="PC4066" name="com.cucumberFramework.testRunner.TestRunner" tests="1" failures="0" timestamp="16 Mar 2021 09:05:53 GMT" time="37.190" errors="0">
  <testcase name="feature" time="37.190" classname="com.cucumberFramework.testRunner.TestRunner"/>
</testsuite> <!-- com.cucumberFramework.testRunner.TestRunner -->
